2024-05-06T03:29:51.6NZ mysqld_safe Logging to '/Applications/MAMP/logs/mysql_error.log'.
2024-05-06T03:29:51.6NZ mysqld_safe Starting mysqld daemon with databases from /Applications/MAMP/db/mysql57
2024-05-06T03:29:51.749513Z 0 [Warning] TIMESTAMP with implicit DEFAULT value is deprecated. Please use --explicit_defaults_for_timestamp server option (see documentation for more details).
2024-05-06T03:29:51.750079Z 0 [Note] --secure-file-priv is set to NULL. Operations related to importing and exporting data are disabled
2024-05-06T03:29:51.750584Z 0 [Note] /Applications/MAMP/Library/bin/mysqld (mysqld 5.7.39) starting as process 55947 ...
2024-05-06T03:29:51.754772Z 0 [Warning] Setting lower_case_table_names=2 because file system for /Applications/MAMP/db/mysql57/ is case insensitive
2024-05-06T03:29:51.758345Z 0 [Note] InnoDB: Mutexes and rw_locks use GCC atomic builtins
2024-05-06T03:29:51.758353Z 0 [Note] InnoDB: Uses event mutexes
2024-05-06T03:29:51.758357Z 0 [Note] InnoDB: GCC builtin __atomic_thread_fence() is used for memory barrier
2024-05-06T03:29:51.758360Z 0 [Note] InnoDB: Compressed tables use zlib 1.2.11
2024-05-06T03:29:51.759328Z 0 [Note] InnoDB: Number of pools: 1
2024-05-06T03:29:51.760433Z 0 [Note] InnoDB: Not using CPU crc32 instructions
2024-05-06T03:29:51.761004Z 0 [Note] InnoDB: Initializing buffer pool, total size = 128M, instances = 1, chunk size = 128M
2024-05-06T03:29:51.763479Z 0 [Note] InnoDB: Completed initialization of buffer pool
2024-05-06T03:29:51.778712Z 0 [Note] InnoDB: Highest supported file format is Barracuda.
2024-05-06T03:29:51.790212Z 0 [Note] InnoDB: Creating shared tablespace for temporary tables
2024-05-06T03:29:51.790290Z 0 [Note] InnoDB: Setting file './ibtmp1' size to 12 MB. Physically writing the file full; Please wait ...
2024-05-06T03:29:51.792735Z 0 [Note] InnoDB: File './ibtmp1' size is now 12 MB.
2024-05-06T03:29:51.792996Z 0 [Note] InnoDB: 96 redo rollback segment(s) found. 96 redo rollback segment(s) are active.
2024-05-06T03:29:51.793002Z 0 [Note] InnoDB: 32 non-redo rollback segment(s) are active.
2024-05-06T03:29:51.793377Z 0 [Note] InnoDB: Waiting for purge to start
2024-05-06T03:29:51.848423Z 0 [Note] InnoDB: 5.7.39 started; log sequence number 2656754
2024-05-06T03:29:51.848653Z 0 [Note] InnoDB: Loading buffer pool(s) from /Applications/MAMP/db/mysql57/ib_buffer_pool
2024-05-06T03:29:51.849549Z 0 [Note] Plugin 'FEDERATED' is disabled.
2024-05-06T03:29:51.853191Z 0 [Note] InnoDB: Buffer pool(s) load completed at 240506 12:29:51
2024-05-06T03:29:51.854415Z 0 [Warning] InnoDB: Table mysql/innodb_table_stats has length mismatch in the column name table_name.  Please run mysql_upgrade
2024-05-06T03:29:51.854432Z 0 [Warning] InnoDB: Table mysql/innodb_index_stats has length mismatch in the column name table_name.  Please run mysql_upgrade
2024-05-06T03:29:51.865364Z 0 [Note] Found ca.pem, server-cert.pem and server-key.pem in data directory. Trying to enable SSL support using them.
2024-05-06T03:29:51.865370Z 0 [Note] Skipping generation of SSL certificates as certificate files are present in data directory.
2024-05-06T03:29:51.865373Z 0 [Warning] A deprecated TLS version TLSv1 is enabled. Please use TLSv1.2 or higher.
2024-05-06T03:29:51.865376Z 0 [Warning] A deprecated TLS version TLSv1.1 is enabled. Please use TLSv1.2 or higher.
2024-05-06T03:29:51.867055Z 0 [Warning] CA certificate ca.pem is self signed.
2024-05-06T03:29:51.867439Z 0 [Note] Skipping generation of RSA key pair as key files are present in data directory.
2024-05-06T03:29:51.867535Z 0 [Note] Server hostname (bind-address): '*'; port: 8889
2024-05-06T03:29:51.867739Z 0 [Note] IPv6 is available.
2024-05-06T03:29:51.867745Z 0 [Note]   - '::' resolves to '::';
2024-05-06T03:29:51.867760Z 0 [Note] Server socket created on IP: '::'.
2024-05-06T03:29:51.867915Z 0 [Warning] Insecure configuration for --pid-file: Location '/Applications/MAMP/tmp' in the path is accessible to all OS users. Consider choosing a different directory.
2024-05-06T03:29:51.880073Z 0 [Warning] Optional native table 'performance_schema'.'processlist' has the wrong structure or is missing.
2024-05-06T03:29:51.880966Z 0 [Note] Event Scheduler: Loaded 0 events
2024-05-06T03:29:51.881009Z 0 [Note] /Applications/MAMP/Library/bin/mysqld: ready for connections.
Version: '5.7.39'  socket: '/Applications/MAMP/tmp/mysql/mysql.sock'  port: 8889  MySQL Community Server (GPL)
2024-05-06T04:14:30.079876Z 0 [Note] InnoDB: page_cleaner: 1000ms intended loop took 40584ms. The settings might not be optimal. (flushed=0 and evicted=0, during the time.)
2024-05-06T05:06:53.500643Z 0 [Note] InnoDB: page_cleaner: 1000ms intended loop took 678337ms. The settings might not be optimal. (flushed=0 and evicted=0, during the time.)
2024-05-06T05:22:27.681095Z 0 [Note] InnoDB: page_cleaner: 1000ms intended loop took 924129ms. The settings might not be optimal. (flushed=0 and evicted=0, during the time.)
2024-05-06T05:25:24.581253Z 0 [Note] InnoDB: page_cleaner: 1000ms intended loop took 172870ms. The settings might not be optimal. (flushed=0 and evicted=0, during the time.)
2024-05-06T05:42:31.702599Z 0 [Note] InnoDB: page_cleaner: 1000ms intended loop took 964881ms. The settings might not be optimal. (flushed=0 and evicted=0, during the time.)
2024-05-06T05:57:45.220391Z 0 [Note] InnoDB: page_cleaner: 1000ms intended loop took 908494ms. The settings might not be optimal. (flushed=0 and evicted=0, during the time.)
2024-05-06T05:59:35.891619Z 0 [Note] InnoDB: page_cleaner: 1000ms intended loop took 106647ms. The settings might not be optimal. (flushed=0 and evicted=0, during the time.)
2024-05-06T06:01:48.697473Z 0 [Note] InnoDB: page_cleaner: 1000ms intended loop took 127773ms. The settings might not be optimal. (flushed=0 and evicted=0, during the time.)
2024-05-06T06:05:17.718046Z 0 [Note] InnoDB: page_cleaner: 1000ms intended loop took 92299ms. The settings might not be optimal. (flushed=0 and evicted=0, during the time.)
